2024-03-16T18:23:50.773Z 0: 

----------------------------------------------
2024-03-16T18:23:50.782Z 1: Discord starting: {"releaseChannel":"stable","version":"0.0.45"}, modulepath: /home/stern/.config/discord/0.0.45/modules
2024-03-16T18:23:50.784Z 2: ✅ webContents.created web1 ""
2024-03-16T18:23:50.787Z 3: ✅ window.created win1 "discord"
2024-03-16T18:23:51.085Z 4: ✅ webContents.did-finish-load web1
2024-03-16T18:23:56.375Z 5: ✅ webContents.created web2 ""
2024-03-16T18:23:56.382Z 6: ✅ window.created win2 "Discord"
2024-03-16T18:24:01.667Z 7: ✅ webContents.did-finish-load web2
2024-03-16T18:24:01.766Z 8: window.close win1
2024-03-16T18:24:01.955Z 9: webContents.destroyed web1
2024-03-16T18:24:01.963Z 10: window.closed win1
2024-03-16T18:29:49.684Z 0: 

----------------------------------------------
2024-03-16T18:29:49.705Z 1: Discord starting: {"releaseChannel":"stable","version":"0.0.45"}, modulepath: /home/stern/.config/discord/0.0.45/modules
2024-03-16T18:29:49.708Z 2: ✅ webContents.created web1 ""
2024-03-16T18:29:49.709Z 3: ✅ window.created win1 "discord"
2024-03-16T18:29:49.974Z 4: ✅ webContents.did-finish-load web1
2024-03-16T18:29:50.198Z 5: ✅ webContents.created web2 ""
2024-03-16T18:29:50.207Z 6: ✅ window.created win2 "Discord"
2024-03-16T18:30:01.550Z 7: ✅ webContents.did-finish-load web2
2024-03-16T18:30:01.649Z 8: window.close win1
2024-03-16T18:30:01.677Z 9: webContents.destroyed web1
2024-03-16T18:30:01.687Z 10: window.closed win1
2024-03-16T18:36:06.439Z 0: 

----------------------------------------------
2024-03-16T18:36:06.442Z 1: Discord starting: {"releaseChannel":"stable","version":"0.0.45"}, modulepath: /home/stern/.config/discord/0.0.45/modules
2024-03-16T18:38:47.927Z 0: 

----------------------------------------------
2024-03-16T18:38:47.946Z 1: Discord starting: {"releaseChannel":"stable","version":"0.0.45"}, modulepath: /home/stern/.config/discord/0.0.45/modules
2024-03-16T18:38:47.949Z 2: ✅ webContents.created web1 ""
2024-03-16T18:38:47.951Z 3: ✅ window.created win1 "discord"
2024-03-16T18:38:48.201Z 4: ✅ webContents.did-finish-load web1
2024-03-16T18:38:48.416Z 5: ✅ webContents.created web2 ""
2024-03-16T18:38:48.424Z 6: ✅ window.created win2 "Discord"
2024-03-16T18:38:54.791Z 7: ✅ webContents.did-finish-load web2
2024-03-16T18:38:54.892Z 8: window.close win1
2024-03-16T18:38:54.919Z 9: webContents.destroyed web1
2024-03-16T18:38:54.921Z 10: window.closed win1
2024-03-16T18:41:00.032Z 11: before-quit
2024-03-16T18:41:00.039Z 12: window.close win2
2024-03-16T18:41:00.145Z 13: webContents.destroyed web2
2024-03-16T18:41:04.116Z 0: 

----------------------------------------------
2024-03-16T18:41:04.140Z 1: Discord starting: {"releaseChannel":"stable","version":"0.0.45"}, modulepath: /home/stern/.config/discord/0.0.45/modules
2024-03-16T18:41:04.143Z 2: ✅ webContents.created web1 ""
2024-03-16T18:41:04.146Z 3: ✅ window.created win1 "discord"
2024-03-16T18:41:04.428Z 4: ✅ webContents.did-finish-load web1
2024-03-16T18:41:04.601Z 5: ✅ webContents.created web2 ""
2024-03-16T18:41:04.608Z 6: ✅ window.created win2 "Discord"
2024-03-16T18:41:10.640Z 7: ❌ webContents.did-fail-load web2" -3 
2024-03-16T18:41:11.436Z 8: ✅ webContents.did-finish-load web2
2024-03-16T18:41:11.535Z 9: window.close win1
2024-03-16T18:41:12.615Z 10: webContents.destroyed web1
2024-03-16T18:41:12.617Z 11: window.closed win1
2024-03-16T18:46:10.486Z 12: before-quit
2024-03-16T18:46:10.493Z 13: window.close win2
2024-03-16T18:46:10.499Z 14: webContents.destroyed web2
2024-03-17T00:34:05.545Z 11: window.close win2
2024-03-17T00:34:15.520Z 0: 

----------------------------------------------
2024-03-17T00:34:15.528Z 1: Discord starting: {"releaseChannel":"stable","version":"0.0.45"}, modulepath: /home/stern/.config/discord/0.0.45/modules
2024-03-17T00:34:15.543Z 2: ✅ webContents.created web1 ""
2024-03-17T00:34:15.546Z 3: ✅ window.created win1 "discord"
2024-03-17T00:34:15.824Z 4: ✅ webContents.did-finish-load web1
2024-03-17T00:34:15.995Z 5: ✅ webContents.created web2 ""
2024-03-17T00:34:16.000Z 6: ✅ window.created win2 "Discord"
2024-03-17T00:34:28.275Z 7: ✅ webContents.did-finish-load web2
2024-03-17T00:34:28.376Z 8: window.close win1
2024-03-17T00:34:28.484Z 9: webContents.destroyed web1
2024-03-17T00:34:28.488Z 10: window.closed win1
2024-03-17T00:43:56.489Z 11: before-quit
2024-03-17T11:14:44.293Z 0: 

----------------------------------------------
2024-03-17T11:14:44.310Z 1: Discord starting: {"releaseChannel":"stable","version":"0.0.45"}, modulepath: /home/stern/.config/discord/0.0.45/modules
2024-03-17T11:14:44.313Z 2: ✅ webContents.created web1 ""
2024-03-17T11:14:44.315Z 3: ✅ window.created win1 "discord"
2024-03-17T11:14:44.592Z 4: ✅ webContents.did-finish-load web1
2024-03-17T11:14:44.816Z 5: ✅ webContents.created web2 ""
2024-03-17T11:14:44.820Z 6: ✅ window.created win2 "Discord"
2024-03-17T11:14:56.186Z 7: ✅ webContents.did-finish-load web2
2024-03-17T11:14:56.286Z 8: window.close win1
2024-03-17T11:14:56.379Z 9: webContents.destroyed web1
2024-03-17T11:14:56.382Z 10: window.closed win1
