2024-03-17T12:29:28.235Z - info: [ui] [AppStore] loading 0 repositories from store
2024-03-17T12:29:28.297Z - info: [ui] [Welcome] no sign in step found. ignoring...
2024-03-17T12:29:28.299Z - info: [ui] launching: 3.3.8-linux2 (Linux 6.6.22-1-lts)
2024-03-17T12:29:28.300Z - info: [ui] execPath: '/opt/github-desktop/github-desktop'
2024-03-17T12:29:28.320Z - info: [ui] [Welcome] no sign in step found. ignoring...
2024-03-17T12:29:28.495Z - info: [ui] Opt in reported.
2024-03-17T12:29:28.812Z - info: [ui] [Welcome] no sign in step found. ignoring...
2024-03-17T12:29:30.591Z - info: [ui] [Welcome] advancing to step: SignInToDotComWithBrowser
2024-03-17T12:29:30.592Z - info: [ui] [SignInStore] initializing OAuth flow
2024-03-17T12:29:30.598Z - info: [main] opening in browser: https://github.com/login/oauth/authorize?client_id=3a723b10ac5575cc5bb9&scope=repo%20user%20workflow&state=6af0dc7e-944c-43ef-8315-e419d5d2735b
2024-03-17T12:29:30.600Z - info: [ui] [Welcome] current sign in state not found. ignoring...
2024-03-17T12:29:31.260Z - info: [ui] [Welcome] kind Authentication is the same as Authentication. ignoring...
2024-03-17T12:30:44.519Z - info: [main] Received possible protocol arguments: 3
2024-03-17T12:30:44.519Z - info: [main] Processing protocol url
2024-03-17T12:30:44.528Z - info: [ui] [Dispatcher] requesting authenticated user
2024-03-17T12:30:44.529Z - info: [ui] [Welcome] kind Authentication is the same as Authentication. ignoring...
2024-03-17T12:30:44.592Z - info: [main] Received possible protocol arguments: 2
2024-03-17T12:30:44.594Z - info: [main] Processing protocol url
2024-03-17T12:30:45.237Z - info: [ui] [SignInStore] account resolved
2024-03-17T12:30:45.237Z - info: [ui] [AppStore] adding account Nstern90 (Nathan Stern) to store
2024-03-17T12:30:45.241Z - error: [ui] Error adding account 'Nstern90'
Error: The name is not activatable
2024-03-17T12:30:45.244Z - info: [ui] [Welcome] advancing to step: ConfigureGit
2024-03-17T12:30:45.279Z - info: [ui] [Welcome] no sign in step found. ignoring...
2024-03-17T12:30:48.696Z - info: [ui] [Welcome] no sign in step found. ignoring...
